<?xml version="1.0" encoding="UTF-8"?>
<testsuite xmlns:xsi="http://www.w3.org/2001/XMLSchema-instance" xsi:noNamespaceSchemaLocation="https://maven.apache.org/surefire/maven-surefire-plugin/xsd/surefire-test-report.xsd" version="3.0.1" name="org.bnm.demo.CalTest" time="0.073" tests="4" errors="0" skipped="0" failures="0">
  <properties>
[...]
</properties>
  <testcase name="subTest" classname="org.bnm.demo.CalTest" time="0.031"/>
  <testcase name="addTest" classname="org.bnm.demo.CalTest" time="0.01"/>
  <testcase name="mulTest" classname="org.bnm.demo.CalTest" time="0.0"/>
  <testcase name="divTest" classname="org.bnm.demo.CalTest" time="0.0"/>
</testsuite>